  OS09_01.cpp
D:\masha\university\OS\Lab_09\OS09_01\OS09_01\OS09_01.cpp(136,43): warning C4244: аргумент: преобразование "LONGLONG" в "DWORD", возможна потеря данных
D:\masha\university\OS\Lab_09\OS09_01\OS09_01\OS09_01.cpp(114,11): warning C4101: fileType: неиспользованная локальная переменная
C:\Program Files\Microsoft Visual Studio\2022\Community\VC\Tools\MSVC\14.41.34120\include\xutility(4689,18): warning C4244: =: преобразование "wchar_t" в "char", возможна потеря данных
  (компиляция исходного файла "OS09_01.cpp")
      C:\Program Files\Microsoft Visual Studio\2022\Community\VC\Tools\MSVC\14.41.34120\include\xutility(4689,18):
      контекст создания экземпляра шаблона (сначала самый старый)
          D:\masha\university\OS\Lab_09\OS09_01\OS09_01\OS09_01.cpp(51,24):
          выполняется компиляция ссылки на экземпляр шаблон функции "std::basic_string<char,std::char_traits<char>,std::allocator<char>>::basic_string<std::_String_iterator<std::_String_val<std::_Simple_types<_Elem>>>,0>(_Iter,_Iter,const _Alloc &)"
          with
          [
              _Elem=wchar_t,
              _Iter=std::_String_iterator<std::_String_val<std::_Simple_types<wchar_t>>>,
              _Alloc=std::allocator<char>
          ]
              D:\masha\university\OS\Lab_09\OS09_01\OS09_01\OS09_01.cpp(51,24):
              см. первую ссылку на "std::basic_string<char,std::char_traits<char>,std::allocator<char>>::basic_string" в "printFileInfo"
          C:\Program Files\Microsoft Visual Studio\2022\Community\VC\Tools\MSVC\14.41.34120\include\xstring(793,17):
          выполняется компиляция ссылки на экземпляр шаблон функции "void std::basic_string<char,std::char_traits<char>,std::allocator<char>>::_Construct_from_iter<wchar_t*,wchar_t*,_Size_type>(_Iter,const _Sent,_Size)"
          with
          [
              _Size_type=unsigned __int64,
              _Iter=wchar_t *,
              _Sent=wchar_t *,
              _Size=unsigned __int64
          ]
          C:\Program Files\Microsoft Visual Studio\2022\Community\VC\Tools\MSVC\14.41.34120\include\xstring(949,18):
          выполняется компиляция ссылки на экземпляр шаблон функции "_OutIt *std::_Copy_n_unchecked4<wchar_t*,_Size,char*>(_InIt,_SizeTy,_OutIt)"
          with
          [
              _OutIt=char *,
              _Size=unsigned __int64,
              _InIt=wchar_t *,
              _SizeTy=unsigned __int64
          ]
  
  OS09_01.vcxproj -> D:\masha\university\OS\Lab_09\OS09_01\x64\Debug\OS09_01.exe
